0 info it worked if it ends with ok
1 verbose cli [ '/data/data/com.termux/files/usr/bin/node',
1 verbose cli   '/data/data/com.termux/files/usr/bin/npm',
1 verbose cli   'completion',
1 verbose cli   '--',
1 verbose cli   'npm',
1 verbose cli   'add',
1 verbose cli   'i',
1 verbose cli   '' ]
2 info using npm@6.4.1
3 info using node@v11.4.0
4 verbose config Skipping project config: /data/data/com.termux/files/home/.npmrc. (matches userconfig)
5 verbose npm-session 6de3258b4e493216
6 verbose stack TypeError: Cannot read property 'length' of undefined
6 verbose stack     at Object.cpus (os.js:94:28)
6 verbose stack     at Object.<anonymous> (/data/data/com.termux/files/usr/lib/node_modules/npm/node_modules/worker-farm/lib/farm.js:6:56)
6 verbose stack     at Module._compile (internal/modules/cjs/loader.js:723:30)
6 verbose stack     at Object.Module._extensions..js (internal/modules/cjs/loader.js:734:10)
6 verbose stack     at Module.load (internal/modules/cjs/loader.js:620:32)
6 verbose stack     at tryModuleLoad (internal/modules/cjs/loader.js:560:12)
6 verbose stack     at Function.Module._load (internal/modules/cjs/loader.js:552:3)
6 verbose stack     at Module.require (internal/modules/cjs/loader.js:659:17)
6 verbose stack     at require (internal/modules/cjs/helpers.js:22:18)
6 verbose stack     at Object.<anonymous> (/data/data/com.termux/files/usr/lib/node_modules/npm/node_modules/worker-farm/lib/index.js:3:14)
6 verbose stack     at Module._compile (internal/modules/cjs/loader.js:723:30)
6 verbose stack     at Object.Module._extensions..js (internal/modules/cjs/loader.js:734:10)
6 verbose stack     at Module.load (internal/modules/cjs/loader.js:620:32)
6 verbose stack     at tryModuleLoad (internal/modules/cjs/loader.js:560:12)
6 verbose stack     at Function.Module._load (internal/modules/cjs/loader.js:552:3)
6 verbose stack     at Module.require (internal/modules/cjs/loader.js:659:17)
7 verbose cwd /data/data/com.termux/files/home
8 verbose Linux 4.4.83+
9 verbose argv "/data/data/com.termux/files/usr/bin/node" "/data/data/com.termux/files/usr/bin/npm" "completion" "--" "npm" "add" "i" ""
10 verbose node v11.4.0
11 verbose npm  v6.4.1
12 error Cannot read property 'length' of undefined
13 verbose exit [ 1, true ]
